
ROM used:   250/32768 (1%)
            250/32768 (1%) including unused fragments

            0.2 Average locations per line
            9.3 Average locations per statement

RAM used:   5/1536 (0%) at main() level
            7/1536 (0%) worst case

Stack used: 1 worst case (1 in main + 0 for interrupts)
Stack size: 31

Lines Stmts  %   Files
----- ----- ---  -----
   46    27 100  main.c
   12     0   0  main.h
 1017     0   0  ..\..\..\..\Program Files (x86)\PICC\Devices\18F45K22.h
----- -----
 1075    27 Total

Page ROM  %  RAM   Vol Diff  Functions:
---- --- --- ---   --- ----  ----------
0     38   8    1             @delay_ms1
0    208  42    1   545  3.8  main
 Inline         0             @cinit1

Program metrics:
    Functions               1
    Statements              27
    Comments                180
    Volume (V)              550
    Difficulty (D)          3.6
    Effort to implement (E) 2004
    Time to implement (T)   2 minutes
    Est Delivered Bugs (B)  0
    Cyclomatic Complexity   5
    Maintainability (MI)    130

 Segment     Used  Free
-----------  ----  ----
00000-00002     4  0  
00004-07FFE   246  32518  



