
ROM used:   318/32768 (1%)
            318/32768 (1%) including unused fragments

            0.3 Average locations per line
            15.1 Average locations per statement

RAM used:   24/1536 (2%) at main() level
            25/1536 (2%) worst case

Stack used: 2 worst case (1 in main + 1 for interrupts)
Stack size: 31

Lines Stmts  %   Files
----- ----- ---  -----
   41    21 100  Lab3.c
   12     0   0  Lab3.h
 1017     0   0  ..\..\..\..\Program Files (x86)\PICC\Devices\18F45K22.h
----- -----
 1070    21 Total

Page ROM  %  RAM   Vol Diff  Functions:
---- --- --- ---   --- ----  ----------
0     40   6    1             @delay_ms1
0     12   2    0    33  1.3  hariciKesme
0    120  19    1   373  3.8  MAIN
 Inline         0             @cinit1

Program metrics:
    Functions               2
    Statements              21
    Comments                184
    Volume (V)              456
    Difficulty (D)          5.1
    Effort to implement (E) 2326
    Time to implement (T)   2 minutes
    Est Delivered Bugs (B)  0
    Cyclomatic Complexity   2
    Maintainability (MI)    142

 Segment     Used  Free
-----------  ----  ----
00000-00002     4  0  
00004-00006     0  4  
00008-00094   142  0  
00096-07FFE   172  32446  



