
ROM used:   2140/32768 (7%)
            2140/32768 (7%) including unused fragments

            1.4 Average locations per line
            19.6 Average locations per statement

RAM used:   33/1536 (2%) at main() level
            71/1536 (5%) worst case

Stack used: 13 worst case (6 in main + 7 for interrupts)
Stack size: 31

Lines Stmts  %   Files
----- ----- ---  -----
   48    25  23  lab.c
   12     0   0  lab.h
 1017     0   0  ..\..\..\Program Files (x86)\PICC\Devices\18F45K22.h
  456    84  77  ..\..\..\Program Files (x86)\PICC\Drivers\LCD.C
----- -----
 1533   109 Total

Page ROM  %  RAM   Vol Diff  Functions:
---- --- --- ---   --- ----  ----------
0     40   1    1             @delay_ms1
0     60   1    3   596  5.9  lcd_read_byte
0     12   0    0    59  4.2  lcd_read_nibble
0     24   1    1   179  3.3  lcd_send_nibble
0     58   1    3   460  4.7  lcd_send_byte
0    192   4    6   814  7.2  lcd_init
0     34   1    4   208  6.3  lcd_gotoxy
0     80   2    1   354  4.7  lcd_putc
0     56   1    1   121  1.6  timer
0     14   0    0             @const739
0     34   1    2             @PSTRINGC_723
0    390   9    0   560  3.7  MAIN
0     56   1    2   560  3.7  @ITOF
0    242   6   11             @MULFF
0     14   0    0             @const750
0     42   1    3             @PSTRINGCN_723
0     64   1    5             @FTOSD
0    142   3   13             @DIV3232
0    424  10   13             @PRINTF_L32D_723FPFPF
0     16   0    0             @const761
 Inline         0             @cinit1

Program metrics:
    Functions               10
    Statements              109
    Comments                278
    Volume (V)              6144
    Difficulty (D)          42.3
    Effort to implement (E) 259565
    Time to implement (T)   4 hours, 0 minutes
    Est Delivered Bugs (B)  1
    Cyclomatic Complexity   8
    Maintainability (MI)    146

 Segment     Used  Free
-----------  ----  ----
00000-00002     4  0  
00004-00006     0  4  
00008-00094   142  0  
00096-07FFE  1994  30624  



