CCS PCH C Compiler, Version 5.015, 5967               18-Kas-20 18:45

               Filename:   C:\Users\ASUS\Desktop\Mikro2\main.lst

               ROM used:   130 bytes (0%)
                           Largest free fragment is 32638
               RAM used:   5 (0%) at main() level
                           6 (0%) worst case
               Stack used: 1 locations
               Stack size: 31

*
0000:  GOTO   002A
.................... #include <main.h> 
.................... #include <18F45K22.h> 
.................... //////////// Standard Header file for the PIC18F45K22 device //////////////// 
.................... /////////////////////////////////////////////////////////////////////////// 
.................... ////        (C) Copyright 1996, 2013 Custom Computer Services          //// 
.................... //// This source code may only be used by licensed users of the CCS C  //// 
.................... //// compiler.  This source code may only be distributed to other      //// 
.................... //// licensed users of the CCS C compiler.  No other use, reproduction //// 
.................... //// or distribution is permitted without written permission.          //// 
.................... //// Derivative programs created using this software in object code    //// 
.................... //// form are not restricted in any way.                               //// 
.................... /////////////////////////////////////////////////////////////////////////// 
.................... #device PIC18F45K22 
....................  
.................... #list 
....................  
.................... #device ADC=16 
....................  
.................... #FUSES NOWDT                 	//No Watch Dog Timer 
.................... #FUSES WDT128                	//Watch Dog Timer uses 1:128 Postscale 
.................... #FUSES NOBROWNOUT            	//No brownout reset 
.................... #FUSES NOLVP                 	//No low voltage prgming, B3(PIC16) or B5(PIC18) used for I/O 
.................... #FUSES NOXINST               	//Extended set extension and Indexed Addressing mode disabled (Legacy mode) 
....................  
.................... #use delay(crystal=20000000) 
0004:  CLRF   FEA
0006:  MOVLW  06
0008:  MOVWF  FE9
000A:  MOVF   FEF,W
000C:  BZ    0028
000E:  MOVLW  06
0010:  MOVWF  01
0012:  CLRF   00
0014:  DECFSZ 00,F
0016:  BRA    0014
0018:  DECFSZ 01,F
001A:  BRA    0012
001C:  MOVLW  7B
001E:  MOVWF  00
0020:  DECFSZ 00,F
0022:  BRA    0020
0024:  DECFSZ FEF,F
0026:  BRA    000E
0028:  RETURN 0
....................  
.................... #define LED PIN_A0 
.................... #define DELAY 500 
....................  
....................  
....................  
....................  
.................... void main() 
002A:  CLRF   FF8
002C:  BCF    FD0.7
002E:  MOVF   FC1,W
0030:  ANDLW  F0
0032:  MOVWF  FC1
0034:  MOVLW  00
0036:  MOVLB  F
0038:  MOVWF  x38
003A:  MOVWF  x3C
003C:  MOVWF  x39
003E:  MOVWF  x3A
0040:  MOVWF  x3B
0042:  MOVLB  1
0044:  CLRF   x88
0046:  CLRF   F77
0048:  CLRF   F78
004A:  CLRF   F79
.................... { 
.................... set_tris_b(0x00); 
004C:  MOVLW  00
004E:  MOVWF  F93
....................     
....................    while(true) 
....................    { 
....................       output_low(pin_a0); 
0050:  BCF    F92.0
0052:  BCF    F89.0
....................       delay_ms(500); 
0054:  MOVLW  02
0056:  MOVWF  05
0058:  MOVLW  FA
005A:  MOVWF  06
005C:  MOVLB  0
005E:  RCALL  0004
0060:  DECFSZ 05,F
0062:  BRA    0066
0064:  BRA    006A
0066:  MOVLB  1
0068:  BRA    0058
....................       output_high(pin_a0); 
006A:  BCF    F92.0
006C:  BSF    F89.0
....................       delay_ms(500); 
006E:  MOVLW  02
0070:  MOVWF  05
0072:  MOVLW  FA
0074:  MOVWF  06
0076:  RCALL  0004
0078:  DECFSZ 05,F
007A:  BRA    0072
007C:  MOVLB  1
007E:  BRA    0050
....................    } 
....................  
.................... } 
0080:  SLEEP 

Configuration Fuses:
   Word  1: E200   HSH NOPLLEN PRIMARY_ON FCMEN IESO
   Word  2: 1C18   PUT NOBROWNOUT BORV19 NOWDT WDT128
   Word  3: BF00   CCP2C1 PBADEN CCP3B5 HFOFST TIMER3C0 CCP2D2 MCLR
   Word  4: 0081   STVREN NOLVP NOXINST NODEBUG
   Word  5: C00F   NOPROTECT NOCPB NOCPD
   Word  6: E00F   NOWRT NOWRTC NOWRTB NOWRTD
   Word  7: 400F   NOEBTR NOEBTRB
